#
# A fatal error has been detected by the Java Runtime Environment:
#
#  EXCEPTION_ACCESS_VIOLATION (0xc0000005) at pc=0x00007fff5cbb8ec0, pid=2068, tid=3888
#
# JRE version: OpenJDK Runtime Environment (17.0.6) (build 17.0.6+0-b2043.56-9586694)
# Java VM: OpenJDK 64-Bit Server VM (17.0.6+0-b2043.56-9586694, mixed mode, tiered, compressed oops, compressed class ptrs, g1 gc, windows-amd64)
# Problematic frame:
# V  [jvm.dll+0x6a8ec0]
#
# No core dump will be written. Minidumps are not enabled by default on client versions of Windows
#
# If you would like to submit a bug report, please visit:
#   https://bugreport.java.com/bugreport/crash.jsp
#

---------------  S U M M A R Y ------------

Command Line: --add-opens=java.base/java.util=ALL-UNNAMED --add-opens=java.base/java.lang=ALL-UNNAMED --add-opens=java.base/java.lang.invoke=ALL-UNNAMED --add-opens=java.prefs/java.util.prefs=ALL-UNNAMED --add-opens=java.base/java.nio.charset=ALL-UNNAMED --add-opens=java.base/java.net=ALL-UNNAMED --add-opens=java.base/java.util.concurrent.atomic=ALL-UNNAMED -Xmx4G -Dfile.encoding=windows-1252 -Duser.country=ID -Duser.language=en -Duser.variant org.gradle.launcher.daemon.bootstrap.GradleDaemon 7.6.3

Host: Intel(R) Core(TM) i3-2370M CPU @ 2.40GHz, 4 cores, 3G,  Windows 10 , 64 bit Build 19041 (10.0.19041.3636)
Time: Sat Jun  1 14:48:05 2024 SE Asia Standard Time elapsed time: 84.041087 seconds (0d 0h 1m 24s)

---------------  T H R E A D  ---------------

Current thread (0x0000022c253a0d70):  JavaThread "C2 CompilerThread1" daemon [_thread_in_native, id=3888, stack(0x0000008d6bd00000,0x0000008d6be00000)]


Current CompileTask:
C2:  84041 11857       4       java.util.stream.ReferencePipeline::collect (124 bytes)

Stack: [0x0000008d6bd00000,0x0000008d6be00000],  sp=0x0000008d6bdfcec0,  free space=1011k
Native frames: (J=compiled Java code, j=interpreted, Vv=VM code, C=native code)
V  [jvm.dll+0x6a8ec0]
V  [jvm.dll+0x6aac80]
V  [jvm.dll+0x69e9c7]
V  [jvm.dll+0x699e2b]
V  [jvm.dll+0x693f0b]
V  [jvm.dll+0x693547]
V  [jvm.dll+0x691442]
V  [jvm.dll+0x1a81fc]
V  [jvm.dll+0x2b0104]
V  [jvm.dll+0x69bf45]
V  [jvm.dll+0x693f0b]
V  [jvm.dll+0x693547]
V  [jvm.dll+0x691442]
V  [jvm.dll+0x1a81fc]
V  [jvm.dll+0x21b1e8]
V  [jvm.dll+0x1a4fdd]
V  [jvm.dll+0x22b098]
V  [jvm.dll+0x229159]
V  [jvm.dll+0x7f809c]
V  [jvm.dll+0x7f25fa]
V  [jvm.dll+0x682985]
C  [ucrtbase.dll+0x21bb2]
C  [KERNEL32.DLL+0x17344]
C  [ntdll.dll+0x526b1]


siginfo: EXCEPTION_ACCESS_VIOLATION (0xc0000005), reading address 0x0000003a00000018


Register to memory mapping:

RIP=0x00007fff5cbb8ec0 jvm.dll
RAX=0x0 is NULL
RBX=0x0000000000000079 is an unknown value
RCX=0x0000022c1e59e200 points into unknown readable memory: 0x00007fff5ce61b18 | 18 1b e6 5c ff 7f 00 00
RDX=0x0000022c1e59e200 points into unknown readable memory: 0x00007fff5ce61b18 | 18 1b e6 5c ff 7f 00 00
RSP=0x0000008d6bdfcec0 is pointing into the stack for thread: 0x0000022c253a0d70
RBP=0x0000000000000001 is an unknown value
RSI=0x0000008d6bdfe788 is pointing into the stack for thread: 0x0000022c253a0d70
RDI=0x0000003a00000000 is an unknown value
R8 =0x0000000000000008 is an unknown value
R9 =0x00007fff8cff1b0c VCRUNTIME140.dll
R10=0x0000022c1b4dd3d0 points into unknown readable memory: 0x0000000000000002 | 02 00 00 00 00 00 00 00
R11=0x0000022c1e59e240 points into unknown readable memory: 0x0000022c1dad6b80 | 80 6b ad 1d 2c 02 00 00
R12=0x0 is NULL
R13=0x0000000000000149 is an unknown value
R14=0x0000000000000148 is an unknown value
R15=0x0000022c1e59e200 points into unknown readable memory: 0x00007fff5ce61b18 | 18 1b e6 5c ff 7f 00 00


Registers:
RAX=0x0000000000000000, RBX=0x0000000000000079, RCX=0x0000022c1e59e200, RDX=0x0000022c1e59e200
RSP=0x0000008d6bdfcec0, RBP=0x0000000000000001, RSI=0x0000008d6bdfe788, RDI=0x0000003a00000000
R8 =0x0000000000000008, R9 =0x00007fff8cff1b0c, R10=0x0000022c1b4dd3d0, R11=0x0000022c1e59e240
R12=0x0000000000000000, R13=0x0000000000000149, R14=0x0000000000000148, R15=0x0000022c1e59e200
RIP=0x00007fff5cbb8ec0, EFLAGS=0x0000000000010287

Top of Stack: (sp=0x0000008d6bdfcec0)
0x0000008d6bdfcec0:   0000022c24a46680 00007fff5cd14a11
0x0000008d6bdfced0:   0000022c1e59e200 00007fff5c74d931
0x0000008d6bdfcee0:   00007fff5c510000 0000022c1b4ddcc0
0x0000008d6bdfcef0:   0000000000000050 0000022c251441f8
0x0000008d6bdfcf00:   0000008d6bdfde00 00007fff5cbbac80
0x0000008d6bdfcf10:   0000022c1e59e200 0000022c00000079
0x0000008d6bdfcf20:   0000022c24a46630 0000022c1b4dd3f0
0x0000008d6bdfcf30:   0000008d6bdfd1c0 00007fff5cbae9c7
0x0000008d6bdfcf40:   0000022c21474cb0 0000000000000001
0x0000008d6bdfcf50:   0000022c1b4dd3f0 0000022c1e59dfa0
0x0000008d6bdfcf60:   0000022c00000000 0000000000000000
0x0000008d6bdfcf70:   0000000000000000 00007fff7fffffff
0x0000008d6bdfcf80:   0000008d6bdfd1c0 00007fff5c510000
0x0000008d6bdfcf90:   0000008d6bdfd2c8 00007fff5cba9e2b
0x0000008d6bdfcfa0:   0000008d6bdfe860 0000000000000000
0x0000008d6bdfcfb0:   0000008d00000001 0000008d6bdfd2c8 

Instructions: (pc=0x00007fff5cbb8ec0)
0x00007fff5cbb8dc0:   75 36 33 c0 85 ff 74 20 4c 8b 43 08 4d 8b 4e 08
0x00007fff5cbb8dd0:   48 8d 14 c5 00 00 00 00 4a 8b 0c 02 4a 39 0c 0a
0x00007fff5cbb8de0:   75 16 ff c0 3b c7 72 e8 49 8b 06 48 8b d3 49 8b
0x00007fff5cbb8df0:   ce ff 50 60 84 c0 75 38 8b 45 08 41 03 f7 ff c8
0x00007fff5cbb8e00:   23 f0 48 8b 45 18 48 8b 1c f0 48 85 db 75 a1 33
0x00007fff5cbb8e10:   c0 48 8b 5c 24 40 48 8b 6c 24 48 48 8b 74 24 50
0x00007fff5cbb8e20:   48 8b 7c 24 58 48 83 c4 20 41 5f 41 5e 41 5c c3
0x00007fff5cbb8e30:   48 8b c3 eb dc cc cc cc cc cc cc cc cc cc cc cc
0x00007fff5cbb8e40:   48 89 5c 24 08 48 89 6c 24 18 48 89 74 24 20 57
0x00007fff5cbb8e50:   41 54 41 55 41 56 41 57 48 83 ec 20 48 8b 02 48
0x00007fff5cbb8e60:   8b f1 48 8b ca 4c 8b fa ff 50 58 85 c0 0f 84 e0
0x00007fff5cbb8e70:   00 00 00 44 8b 76 08 41 ff ce 44 23 f0 48 8b 46
0x00007fff5cbb8e80:   18 45 8b ee 41 83 cd 01 4a 8b 3c f0 48 85 ff 75
0x00007fff5cbb8e90:   09 4e 89 3c f0 e9 a6 00 00 00 49 8b 07 49 8b cf
0x00007fff5cbb8ea0:   48 8b 5e 20 ff 10 41 8b 6f 18 45 8b e6 89 44 24
0x00007fff5cbb8eb0:   58 33 c0 48 3b fb 8b 5c 24 58 44 0f 45 e0 66 90
0x00007fff5cbb8ec0:   39 6f 18 75 43 48 8b 07 48 8b cf ff 10 3b c3 75
0x00007fff5cbb8ed0:   37 33 c0 85 ed 74 21 4c 8b 47 08 4d 8b 4f 08 90
0x00007fff5cbb8ee0:   48 8d 14 c5 00 00 00 00 4a 8b 0c 02 4a 39 0c 0a
0x00007fff5cbb8ef0:   75 16 ff c0 3b c5 72 e8 49 8b 07 48 8b d7 49 8b
0x00007fff5cbb8f00:   cf ff 50 60 84 c0 75 28 8b 46 08 45 03 f5 48 8b
0x00007fff5cbb8f10:   4e 18 ff c8 44 23 f0 4a 8b 3c f1 48 85 ff 74 15
0x00007fff5cbb8f20:   45 85 e4 75 9b 48 3b 7e 20 75 95 45 8b e6 eb 90
0x00007fff5cbb8f30:   48 8b c7 eb 20 45 85 e4 45 0f 44 e6 4e 89 3c e1
0x00007fff5cbb8f40:   ff 46 0c 8b 46 0c 3b 46 10 75 08 48 8b ce e8 4d
0x00007fff5cbb8f50:   fb ff ff 33 c0 48 8b 5c 24 50 48 8b 6c 24 60 48
0x00007fff5cbb8f60:   8b 74 24 68 48 83 c4 20 41 5f 41 5e 41 5d 41 5c
0x00007fff5cbb8f70:   5f c3 cc cc cc cc cc cc cc cc cc cc cc cc cc cc
0x00007fff5cbb8f80:   48 89 5c 24 08 48 89 74 24 10 57 48 83 ec 20 48
0x00007fff5cbb8f90:   8b 02 48 8b d9 48 8b ca 48 8b fa ff 50 58 8b f0
0x00007fff5cbb8fa0:   85 c0 74 54 ff 43 0c 44 8b 43 0c 44 3b 43 10 75
0x00007fff5cbb8fb0:   08 48 8b cb e8 e7 fa ff ff 44 8b 5b 08 4c 8b 43 


Stack slot to memory mapping:
stack at sp + 0 slots: 0x0000022c24a46680 points into unknown readable memory: 0x00007fff5cee99b8 | b8 99 ee 5c ff 7f 00 00
stack at sp + 1 slots: 0x00007fff5cd14a11 jvm.dll
stack at sp + 2 slots: 0x0000022c1e59e200 points into unknown readable memory: 0x00007fff5ce61b18 | 18 1b e6 5c ff 7f 00 00
stack at sp + 3 slots: 0x00007fff5c74d931 jvm.dll
stack at sp + 4 slots: 0x00007fff5c510000 jvm.dll
stack at sp + 5 slots: 0x0000022c1b4ddcc0 points into unknown readable memory: 0x00007fff5ce4fae8 | e8 fa e4 5c ff 7f 00 00
stack at sp + 6 slots: 0x0000000000000050 is an unknown value
stack at sp + 7 slots: 0x0000022c251441f8 points into unknown readable memory: 0x0000022c1fc42cb0 | b0 2c c4 1f 2c 02 00 00


---------------  P R O C E S S  ---------------

Threads class SMR info:
_java_thread_list=0x0000022c1bb5aed0, length=92, elements={
0x0000022c7a8916a0, 0x0000022c1a9d7620, 0x0000022c1a9d8dc0, 0x0000022c1a9f47e0,
0x0000022c1b411460, 0x0000022c1b413d30, 0x0000022c1b416600, 0x0000022c1b4171f0,
0x0000022c1b417af0, 0x0000022c1b48f210, 0x0000022c1b593430, 0x0000022c1b597d20,
0x0000022c1cd69f40, 0x0000022c1c738a60, 0x0000022c1cb98900, 0x0000022c1d800890,
0x0000022c1db601b0, 0x0000022c1db61240, 0x0000022c1e12d540, 0x0000022c1c2d79f0,
0x0000022c1c2d96d0, 0x0000022c1c2d7ec0, 0x0000022c1c2d9200, 0x0000022c1c2d8860,
0x0000022c1c2d7050, 0x0000022c1c2daa10, 0x0000022c1c2da070, 0x0000022c1c2da540,
0x0000022c1c2d8390, 0x0000022c1c2d9ba0, 0x0000022c1c2d8d30, 0x0000022c2005a4b0,
0x0000022c20056150, 0x0000022c2005a980, 0x0000022c2005bcc0, 0x0000022c20059fe0,
0x0000022c20058300, 0x0000022c20055c80, 0x0000022c20056620, 0x0000022c20056fc0,
0x0000022c2005b320, 0x0000022c20058ca0, 0x0000022c20054940, 0x0000022c20057e30,
0x0000022c2005ae50, 0x0000022c20057490, 0x0000022c20057960, 0x0000022c2005b7f0,
0x0000022c20054470, 0x0000022c20054e10, 0x0000022c200c64b0, 0x0000022c200c6980,
0x0000022c200ca810, 0x0000022c200c47d0, 0x0000022c200c77f0, 0x0000022c200ca340,
0x0000022c200c4ca0, 0x0000022c200c5640, 0x0000022c200c7cc0, 0x0000022c200c3e30,
0x0000022c200c8660, 0x0000022c200cb1b0, 0x0000022c200c6e50, 0x0000022c200c4300,
0x0000022c200c7320, 0x0000022c200c9e70, 0x0000022c200c8190, 0x0000022c200c5170,
0x0000022c200c8b30, 0x0000022c200c9000, 0x0000022c200c94d0, 0x0000022c200c5b10,
0x0000022c200c5fe0, 0x0000022c200c99a0, 0x0000022c1e27af10, 0x0000022c1e27b3e0,
0x0000022c1e27fc10, 0x0000022c1e27d590, 0x0000022c1e27da60, 0x0000022c1e279bd0,
0x0000022c1e27c250, 0x0000022c1e27c720, 0x0000022c1e27cbf0, 0x0000022c1e281420,
0x0000022c1e27d0c0, 0x0000022c1e27b8b0, 0x0000022c1e27e400, 0x0000022c1e27f270,
0x0000022c24f69540, 0x0000022c24f6b220, 0x0000022c24f69a10, 0x0000022c253a0d70
}

Java Threads: ( => current thread )
  0x0000022c7a8916a0 JavaThread "main" [_thread_blocked, id=7612, stack(0x0000008d6bf00000,0x0000008d6c000000)]
  0x0000022c1a9d7620 JavaThread "Reference Handler" daemon [_thread_blocked, id=6732, stack(0x0000008d6c600000,0x0000008d6c700000)]
  0x0000022c1a9d8dc0 JavaThread "Finalizer" daemon [_thread_blocked, id=5580, stack(0x0000008d6c700000,0x0000008d6c800000)]
  0x0000022c1a9f47e0 JavaThread "Signal Dispatcher" daemon [_thread_blocked, id=5596, stack(0x0000008d6c800000,0x0000008d6c900000)]
  0x0000022c1b411460 JavaThread "Attach Listener" daemon [_thread_blocked, id=2256, stack(0x0000008d6c900000,0x0000008d6ca00000)]
  0x0000022c1b413d30 JavaThread "Service Thread" daemon [_thread_blocked, id=6744, stack(0x0000008d6ca00000,0x0000008d6cb00000)]
  0x0000022c1b416600 JavaThread "Monitor Deflation Thread" daemon [_thread_blocked, id=5416, stack(0x0000008d6cb00000,0x0000008d6cc00000)]
  0x0000022c1b4171f0 JavaThread "C2 CompilerThread0" daemon [_thread_blocked, id=5292, stack(0x0000008d6cc00000,0x0000008d6cd00000)]
  0x0000022c1b417af0 JavaThread "C1 CompilerThread0" daemon [_thread_blocked, id=3524, stack(0x0000008d6cd00000,0x0000008d6ce00000)]
  0x0000022c1b48f210 JavaThread "Sweeper thread" daemon [_thread_blocked, id=1040, stack(0x0000008d6ce00000,0x0000008d6cf00000)]
  0x0000022c1b593430 JavaThread "Common-Cleaner" daemon [_thread_blocked, id=1576, stack(0x0000008d6cf00000,0x0000008d6d000000)]
  0x0000022c1b597d20 JavaThread "Notification Thread" daemon [_thread_blocked, id=976, stack(0x0000008d6d000000,0x0000008d6d100000)]
  0x0000022c1cd69f40 JavaThread "Daemon health stats" [_thread_blocked, id=6872, stack(0x0000008d6d600000,0x0000008d6d700000)]
  0x0000022c1c738a60 JavaThread "Incoming local TCP Connector on port 49744" [_thread_in_native, id=6876, stack(0x0000008d6d500000,0x0000008d6d600000)]
  0x0000022c1cb98900 JavaThread "Daemon periodic checks" [_thread_blocked, id=5072, stack(0x0000008d6d700000,0x0000008d6d800000)]
  0x0000022c1d800890 JavaThread "Daemon" [_thread_blocked, id=8132, stack(0x0000008d6d800000,0x0000008d6d900000)]
  0x0000022c1db601b0 JavaThread "Handler for socket connection from /127.0.0.1:49744 to /127.0.0.1:49745" [_thread_in_native, id=2516, stack(0x0000008d6d900000,0x0000008d6da00000)]
  0x0000022c1db61240 JavaThread "Cancel handler" [_thread_blocked, id=6384, stack(0x0000008d6da00000,0x0000008d6db00000)]
  0x0000022c1e12d540 JavaThread "Daemon worker" [_thread_blocked, id=2832, stack(0x0000008d6db00000,0x0000008d6dc00000)]
  0x0000022c1c2d79f0 JavaThread "Asynchronous log dispatcher for DefaultDaemonConnection: socket connection from /127.0.0.1:49744 to /127.0.0.1:49745" [_thread_blocked, id=6228, stack(0x0000008d6dc00000,0x0000008d6dd00000)]
  0x0000022c1c2d96d0 JavaThread "Stdin handler" [_thread_blocked, id=2600, stack(0x0000008d6dd00000,0x0000008d6de00000)]
  0x0000022c1c2d7ec0 JavaThread "Daemon client event forwarder" [_thread_blocked, id=2880, stack(0x0000008d6de00000,0x0000008d6df00000)]
  0x0000022c1c2d9200 JavaThread "Cache worker for journal cache (C:\Users\Ila\.gradle\caches\journal-1)" [_thread_blocked, id=2816, stack(0x0000008d6df00000,0x0000008d6e000000)]
  0x0000022c1c2d8860 JavaThread "File lock request listener" [_thread_in_native, id=1324, stack(0x0000008d6e000000,0x0000008d6e100000)]
  0x0000022c1c2d7050 JavaThread "Cache worker for file hash cache (C:\Users\Ila\.gradle\caches\7.6.3\fileHashes)" [_thread_blocked, id=2952, stack(0x0000008d6e100000,0x0000008d6e200000)]
  0x0000022c1c2daa10 JavaThread "File watcher server" daemon [_thread_in_native, id=7624, stack(0x0000008d6e200000,0x0000008d6e300000)]
  0x0000022c1c2da070 JavaThread "File watcher consumer" daemon [_thread_blocked, id=7396, stack(0x0000008d6e300000,0x0000008d6e400000)]
  0x0000022c1c2da540 JavaThread "Cache worker for checksums cache (D:\uas\uas\android\.gradle\7.6.3\checksums)" [_thread_blocked, id=7524, stack(0x0000008d6e400000,0x0000008d6e500000)]
  0x0000022c1c2d8390 JavaThread "Cache worker for cache directory md-rule (C:\Users\Ila\.gradle\caches\7.6.3\md-rule)" [_thread_blocked, id=4640, stack(0x0000008d6e500000,0x0000008d6e600000)]
  0x0000022c1c2d9ba0 JavaThread "Cache worker for file content cache (C:\Users\Ila\.gradle\caches\7.6.3\fileContent)" [_thread_blocked, id=7476, stack(0x0000008d6e700000,0x0000008d6e800000)]
  0x0000022c1c2d8d30 JavaThread "Cache worker for file hash cache (D:\uas\uas\android\.gradle\7.6.3\fileHashes)" [_thread_blocked, id=4692, stack(0x0000008d6e800000,0x0000008d6e900000)]
  0x0000022c2005a4b0 JavaThread "Cache worker for cache directory md-supplier (C:\Users\Ila\.gradle\caches\7.6.3\md-supplier)" [_thread_blocked, id=3716, stack(0x0000008d6e900000,0x0000008d6ea00000)]
  0x0000022c20056150 JavaThread "Cache worker for execution history cache (C:\Users\Ila\.gradle\caches\7.6.3\executionHistory)" [_thread_blocked, id=4000, stack(0x0000008d6ea00000,0x0000008d6eb00000)]
  0x0000022c2005a980 JavaThread "jar transforms" [_thread_blocked, id=7672, stack(0x0000008d6eb00000,0x0000008d6ec00000)]
  0x0000022c2005bcc0 JavaThread "Cache worker for kotlin-dsl (C:\Users\Ila\.gradle\caches\7.6.3\kotlin-dsl)" [_thread_blocked, id=4104, stack(0x0000008d6ec00000,0x0000008d6ed00000)]
  0x0000022c20059fe0 JavaThread "jar transforms Thread 2" [_thread_blocked, id=2728, stack(0x0000008d6ed00000,0x0000008d6ee00000)]
  0x0000022c20058300 JavaThread "Cache worker for dependencies-accessors (D:\uas\uas\android\.gradle\7.6.3\dependencies-accessors)" [_thread_blocked, id=1412, stack(0x0000008d6ee00000,0x0000008d6ef00000)]
  0x0000022c20055c80 JavaThread "Cache worker for Build Output Cleanup Cache (D:\SDK\flutter\packages\flutter_tools\gradle\.gradle\buildOutputCleanup)" [_thread_blocked, id=4448, stack(0x0000008d6e600000,0x0000008d6e700000)]
  0x0000022c20056620 JavaThread "jar transforms Thread 3" [_thread_blocked, id=3512, stack(0x0000008d6f000000,0x0000008d6f100000)]
  0x0000022c20056fc0 JavaThread "Memory manager" [_thread_blocked, id=7540, stack(0x0000008d6ef00000,0x0000008d6f000000)]
  0x0000022c2005b320 JavaThread "jar transforms Thread 4" [_thread_blocked, id=5220, stack(0x0000008d6f200000,0x0000008d6f300000)]
  0x0000022c20058ca0 JavaThread "included builds" [_thread_in_Java, id=5288, stack(0x0000008d6f300000,0x0000008d6f400000)]
  0x0000022c20054940 JavaThread "Execution worker" [_thread_blocked, id=2956, stack(0x0000008d6f400000,0x0000008d6f500000)]
  0x0000022c20057e30 JavaThread "Execution worker Thread 2" [_thread_blocked, id=1700, stack(0x0000008d6f500000,0x0000008d6f600000)]
  0x0000022c2005ae50 JavaThread "Execution worker Thread 3" [_thread_blocked, id=6580, stack(0x0000008d6f600000,0x0000008d6f700000)]
  0x0000022c20057490 JavaThread "Cache worker for execution history cache (D:\SDK\flutter\packages\flutter_tools\gradle\.gradle\7.6.3\executionHistory)" [_thread_blocked, id=7032, stack(0x0000008d6f700000,0x0000008d6f800000)]
  0x0000022c20057960 JavaThread "Unconstrained build operations" [_thread_blocked, id=3640, stack(0x0000008d6f800000,0x0000008d6f900000)]
  0x0000022c2005b7f0 JavaThread "Unconstrained build operations Thread 2" [_thread_blocked, id=2584, stack(0x0000008d6f900000,0x0000008d6fa00000)]
  0x0000022c20054470 JavaThread "Unconstrained build operations Thread 3" [_thread_blocked, id=7448, stack(0x0000008d6fa00000,0x0000008d6fb00000)]
  0x0000022c20054e10 JavaThread "Unconstrained build operations Thread 4" [_thread_blocked, id=4672, stack(0x0000008d6fb00000,0x0000008d6fc00000)]
  0x0000022c200c64b0 JavaThread "Unconstrained build operations Thread 5" [_thread_blocked, id=7212, stack(0x0000008d6fc00000,0x0000008d6fd00000)]
  0x0000022c200c6980 JavaThread "Unconstrained build operations Thread 6" [_thread_blocked, id=5812, stack(0x0000008d6fd00000,0x0000008d6fe00000)]
  0x0000022c200ca810 JavaThread "Unconstrained build operations Thread 7" [_thread_blocked, id=2240, stack(0x0000008d6fe00000,0x0000008d6ff00000)]
  0x0000022c200c47d0 JavaThread "Unconstrained build operations Thread 8" [_thread_blocked, id=2212, stack(0x0000008d6ff00000,0x0000008d70000000)]
  0x0000022c200c77f0 JavaThread "Unconstrained build operations Thread 9" [_thread_blocked, id=6900, stack(0x0000008d70000000,0x0000008d70100000)]
  0x0000022c200ca340 JavaThread "Unconstrained build operations Thread 10" [_thread_blocked, id=1168, stack(0x0000008d70100000,0x0000008d70200000)]
  0x0000022c200c4ca0 JavaThread "Unconstrained build operations Thread 11" [_thread_blocked, id=2412, stack(0x0000008d6f100000,0x0000008d6f200000)]
  0x0000022c200c5640 JavaThread "Unconstrained build operations Thread 12" [_thread_blocked, id=2100, stack(0x0000008d70200000,0x0000008d70300000)]
  0x0000022c200c7cc0 JavaThread "Unconstrained build operations Thread 13" [_thread_blocked, id=2384, stack(0x0000008d70300000,0x0000008d70400000)]
  0x0000022c200c3e30 JavaThread "Unconstrained build operations Thread 14" [_thread_blocked, id=4504, stack(0x0000008d70400000,0x0000008d70500000)]
  0x0000022c200c8660 JavaThread "Unconstrained build operations Thread 15" [_thread_blocked, id=7348, stack(0x0000008d70500000,0x0000008d70600000)]
  0x0000022c200cb1b0 JavaThread "Unconstrained build operations Thread 16" [_thread_blocked, id=1912, stack(0x0000008d70600000,0x0000008d70700000)]
  0x0000022c200c6e50 JavaThread "Unconstrained build operations Thread 17" [_thread_blocked, id=7116, stack(0x0000008d70700000,0x0000008d70800000)]
  0x0000022c200c4300 JavaThread "Unconstrained build operations Thread 18" [_thread_blocked, id=2860, stack(0x0000008d70800000,0x0000008d70900000)]
  0x0000022c200c7320 JavaThread "Unconstrained build operations Thread 19" [_thread_blocked, id=1096, stack(0x0000008d70900000,0x0000008d70a00000)]
  0x0000022c200c9e70 JavaThread "Unconstrained build operations Thread 20" [_thread_blocked, id=4540, stack(0x0000008d70a00000,0x0000008d70b00000)]
  0x0000022c200c8190 JavaThread "Unconstrained build operations Thread 21" [_thread_blocked, id=804, stack(0x0000008d70b00000,0x0000008d70c00000)]
  0x0000022c200c5170 JavaThread "Unconstrained build operations Thread 22" [_thread_blocked, id=4520, stack(0x0000008d70c00000,0x0000008d70d00000)]
  0x0000022c200c8b30 JavaThread "Unconstrained build operations Thread 23" [_thread_blocked, id=7184, stack(0x0000008d70d00000,0x0000008d70e00000)]
  0x0000022c200c9000 JavaThread "Unconstrained build operations Thread 24" [_thread_blocked, id=2224, stack(0x0000008d70e00000,0x0000008d70f00000)]
  0x0000022c200c94d0 JavaThread "Unconstrained build operations Thread 25" [_thread_blocked, id=7772, stack(0x0000008d70f00000,0x0000008d71000000)]
  0x0000022c200c5b10 JavaThread "Unconstrained build operations Thread 26" [_thread_blocked, id=7768, stack(0x0000008d71000000,0x0000008d71100000)]
  0x0000022c200c5fe0 JavaThread "Unconstrained build operations Thread 27" [_thread_blocked, id=7776, stack(0x0000008d71100000,0x0000008d71200000)]
  0x0000022c200c99a0 JavaThread "Unconstrained build operations Thread 28" [_thread_blocked, id=696, stack(0x0000008d71200000,0x0000008d71300000)]
  0x0000022c1e27af10 JavaThread "Unconstrained build operations Thread 29" [_thread_blocked, id=1348, stack(0x0000008d71300000,0x0000008d71400000)]
  0x0000022c1e27b3e0 JavaThread "Unconstrained build operations Thread 30" [_thread_blocked, id=2160, stack(0x0000008d71400000,0x0000008d71500000)]
  0x0000022c1e27fc10 JavaThread "Unconstrained build operations Thread 31" [_thread_blocked, id=7072, stack(0x0000008d71500000,0x0000008d71600000)]
  0x0000022c1e27d590 JavaThread "Unconstrained build operations Thread 32" [_thread_blocked, id=6492, stack(0x0000008d71600000,0x0000008d71700000)]
  0x0000022c1e27da60 JavaThread "Unconstrained build operations Thread 33" [_thread_blocked, id=7740, stack(0x0000008d71700000,0x0000008d71800000)]
  0x0000022c1e279bd0 JavaThread "Unconstrained build operations Thread 34" [_thread_blocked, id=720, stack(0x0000008d71800000,0x0000008d71900000)]
  0x0000022c1e27c250 JavaThread "Unconstrained build operations Thread 35" [_thread_blocked, id=1152, stack(0x0000008d71900000,0x0000008d71a00000)]
  0x0000022c1e27c720 JavaThread "Unconstrained build operations Thread 36" [_thread_blocked, id=6928, stack(0x0000008d71a00000,0x0000008d71b00000)]
  0x0000022c1e27cbf0 JavaThread "Unconstrained build operations Thread 37" [_thread_blocked, id=6908, stack(0x0000008d71b00000,0x0000008d71c00000)]
  0x0000022c1e281420 JavaThread "Unconstrained build operations Thread 38" [_thread_blocked, id=5028, stack(0x0000008d71c00000,0x0000008d71d00000)]
  0x0000022c1e27d0c0 JavaThread "Unconstrained build operations Thread 39" [_thread_blocked, id=500, stack(0x0000008d71d00000,0x0000008d71e00000)]
  0x0000022c1e27b8b0 JavaThread "Unconstrained build operations Thread 40" [_thread_blocked, id=3544, stack(0x0000008d71e00000,0x0000008d71f00000)]
  0x0000022c1e27e400 JavaThread "Cache worker for Build Output Cleanup Cache (D:\uas\uas\android\.gradle\buildOutputCleanup)" [_thread_blocked, id=6212, stack(0x0000008d72000000,0x0000008d72100000)]
  0x0000022c1e27f270 JavaThread "Cache worker for execution history cache (D:\uas\uas\android\.gradle\7.6.3\executionHistory)" [_thread_blocked, id=3148, stack(0x0000008d71f00000,0x0000008d72000000)]
  0x0000022c24f69540 JavaThread "Exec process" [_thread_blocked, id=5860, stack(0x0000008d72300000,0x0000008d72400000)]
  0x0000022c24f6b220 JavaThread "Exec process Thread 2" [_thread_blocked, id=8120, stack(0x0000008d72400000,0x0000008d72500000)]
  0x0000022c24f69a10 JavaThread "Exec process Thread 3" [_thread_blocked, id=5772, stack(0x0000008d72500000,0x0000008d72600000)]
=>0x0000022c253a0d70 JavaThread "C2 CompilerThread1" daemon [_thread_in_native, id=3888, stack(0x0000008d6bd00000,0x0000008d6be00000)]

Other Threads:
  0x0000022c1a9b2000 VMThread "VM Thread" [stack: 0x0000008d6c500000,0x0000008d6c600000] [id=6772]
  0x0000022c1b5981f0 WatcherThread [stack: 0x0000008d6d100000,0x0000008d6d200000] [id=5604]
  0x0000022c7a8ff390 GCTaskThread "GC Thread#0" [stack: 0x0000008d6c000000,0x0000008d6c100000] [id=6728]
  0x0000022c1baf0370 GCTaskThread "GC Thread#1" [stack: 0x0000008d6d300000,0x0000008d6d400000] [id=5980]
  0x0000022c1bde1d70 GCTaskThread "GC Thread#2" [stack: 0x0000008d6d400000,0x0000008d6d500000] [id=6800]
  0x0000022c1c4445b0 GCTaskThread "GC Thread#3" [stack: 0x0000008d6d200000,0x0000008d6d300000] [id=6680]
  0x0000022c7a9101e0 ConcurrentGCThread "G1 Main Marker" [stack: 0x0000008d6c100000,0x0000008d6c200000] [id=6716]
  0x0000022c7a911b10 ConcurrentGCThread "G1 Conc#0" [stack: 0x0000008d6c200000,0x0000008d6c300000] [id=7008]
  0x0000022c1a820090 ConcurrentGCThread "G1 Refine#0" [stack: 0x0000008d6c300000,0x0000008d6c400000] [id=676]
  0x0000022c1a8209c0 ConcurrentGCThread "G1 Service" [stack: 0x0000008d6c400000,0x0000008d6c500000] [id=5096]

Threads with active compile tasks:
C2 CompilerThread1    84189 11857       4       java.util.stream.ReferencePipeline::collect (124 bytes)

VM state: not at safepoint (normal execution)

VM Mutex/Monitor currently owned by a thread: None

Heap address: 0x0000000700000000, size: 4096 MB, Compressed Oops mode: Zero based, Oop shift amount: 3

CDS archive(s) not mapped
Compressed class space mapped at: 0x0000000800000000-0x0000000840000000, reserved size: 1073741824
Narrow klass base: 0x0000000800000000, Narrow klass shift: 0, Narrow klass range: 0x40000000

GC Precious Log:
 CPUs: 4 total, 4 available
 Memory: 3954M
 Large Page Support: Disabled
 NUMA Support: Disabled
 Compressed Oops: Enabled (Zero based)
 Heap Region Size: 2M
 Heap Min Capacity: 8M
 Heap Initial Capacity: 62M
 Heap Max Capacity: 4G
 Pre-touch: Disabled
 Parallel Workers: 4
 Concurrent Workers: 1
 Concurrent Refinement Workers: 4
 Periodic GC: Disabled

Heap:
 garbage-first heap   total 256000K, used 150387K [0x0000000700000000, 0x0000000800000000)
  region size 2048K, 33 young (67584K), 7 survivors (14336K)
 Metaspace       used 101245K, committed 102080K, reserved 1138688K
  class space    used 13982K, committed 14336K, reserved 1048576K

Heap Regions: E=young(eden), S=young(survivor), O=old, HS=humongous(starts), HC=humongous(continues), CS=collection set, F=free, OA=open archive, CA=closed archive, TAMS=top-at-mark-start (previous, next)
|   0|0x0000000700000000, 0x0000000700200000, 0x0000000700200000|100%| O|  |TAMS 0x0000000700200000, 0x0000000700000000| Untracked 
|   1|0x0000000700200000, 0x0000000700400000, 0x0000000700400000|100%|HS|  |TAMS 0x0000000700400000, 0x0000000700200000| Complete 
|   2|0x0000000700400000, 0x0000000700600000, 0x0000000700600000|100%|HC|  |TAMS 0x0000000700600000, 0x0000000700400000| Complete 
|   3|0x0000000700600000, 0x0000000700800000, 0x0000000700800000|100%| O|  |TAMS 0x0000000700800000, 0x0000000700600000| Untracked 
|   4|0x0000000700800000, 0x0000000700a00000, 0x0000000700a00000|100%| O|  |TAMS 0x0000000700a00000, 0x0000000700800000| Untracked 
|   5|0x0000000700a00000, 0x0000000700c00000, 0x0000000700c00000|100%| O|  |TAMS 0x0000000700c00000, 0x0000000700a00000| Untracked 
|   6|0x0000000700c00000, 0x0000000700e00000, 0x0000000700e00000|100%| O|  |TAMS 0x0000000700e00000, 0x0000000700c00000| Untracked 
|   7|0x0000000700e00000, 0x0000000701000000, 0x0000000701000000|100%| O|  |TAMS 0x0000000701000000, 0x0000000700e00000| Untracked 
|   8|0x0000000701000000, 0x0000000701200000, 0x0000000701200000|100%| O|  |TAMS 0x0000000701200000, 0x0000000701000000| Untracked 
|   9|0x0000000701200000, 0x0000000701400000, 0x0000000701400000|100%| O|  |TAMS 0x0000000701400000, 0x0000000701200000| Untracked 
|  10|0x0000000701400000, 0x0000000701600000, 0x0000000701600000|100%| O|  |TAMS 0x0000000701600000, 0x0000000701400000| Untracked 
|  11|0x0000000701600000, 0x0000000701800000, 0x0000000701800000|100%| O|  |TAMS 0x0000000701800000, 0x0000000701600000| Untracked 
|  12|0x0000000701800000, 0x0000000701a00000, 0x0000000701a00000|100%| O|  |TAMS 0x0000000701a00000, 0x0000000701800000| Untracked 
|  13|0x0000000701a00000, 0x0000000701c00000, 0x0000000701c00000|100%| O|  |TAMS 0x0000000701c00000, 0x0000000701a00000| Untracked 
|  14|0x0000000701c00000, 0x0000000701e00000, 0x0000000701e00000|100%| O|  |TAMS 0x0000000701e00000, 0x0000000701c00000| Untracked 
|  15|0x0000000701e00000, 0x0000000702000000, 0x0000000702000000|100%| O|  |TAMS 0x0000000702000000, 0x0000000701e00000| Untracked 
|  16|0x0000000702000000, 0x0000000702200000, 0x0000000702200000|100%| O|  |TAMS 0x0000000702200000, 0x0000000702000000| Untracked 
|  17|0x0000000702200000, 0x0000000702400000, 0x0000000702400000|100%|HS|  |TAMS 0x0000000702400000, 0x0000000702200000| Complete 
|  18|0x0000000702400000, 0x0000000702600000, 0x0000000702600000|100%|HC|  |TAMS 0x0000000702600000, 0x0000000702400000| Complete 
|  19|0x0000000702600000, 0x0000000702800000, 0x0000000702800000|100%|HS|  |TAMS 0x0000000702800000, 0x0000000702600000| Complete 
|  20|0x0000000702800000, 0x0000000702a00000, 0x0000000702a00000|100%| O|  |TAMS 0x0000000702a00000, 0x0000000702800000| Untracked 
|  21|0x0000000702a00000, 0x0000000702c00000, 0x0000000702c00000|100%| O|  |TAMS 0x0000000702c00000, 0x0000000702a00000| Untracked 
|  22|0x0000000702c00000, 0x0000000702e00000, 0x0000000702e00000|100%| O|  |TAMS 0x0000000702e00000, 0x0000000702c00000| Untracked 
|  23|0x0000000702e00000, 0x0000000703000000, 0x0000000703000000|100%| O|  |TAMS 0x0000000703000000, 0x0000000702e00000| Untracked 
|  24|0x0000000703000000, 0x0000000703200000, 0x0000000703200000|100%| O|  |TAMS 0x0000000703200000, 0x0000000703000000| Untracked 
|  25|0x0000000703200000, 0x0000000703400000, 0x0000000703400000|100%| O|  |TAMS 0x0000000703400000, 0x0000000703200000| Untracked 
|  26|0x0000000703400000, 0x0000000703600000, 0x0000000703600000|100%| O|  |TAMS 0x0000000703600000, 0x0000000703400000| Untracked 
|  27|0x0000000703600000, 0x0000000703800000, 0x0000000703800000|100%| O|  |TAMS 0x0000000703800000, 0x0000000703600000| Untracked 
|  28|0x0000000703800000, 0x00000007038dce00, 0x0000000703a00000| 43%| O|  |TAMS 0x0000000703800000, 0x0000000703800000| Untracked 
|  29|0x0000000703a00000, 0x0000000703c00000, 0x0000000703c00000|100%| O|  |TAMS 0x0000000703c00000, 0x0000000703a00000| Untracked 
|  30|0x0000000703c00000, 0x0000000703e00000, 0x0000000703e00000|100%| O|  |TAMS 0x0000000703e00000, 0x0000000703c00000| Untracked 
|  31|0x0000000703e00000, 0x0000000704000000, 0x0000000704000000|100%| O|  |TAMS 0x0000000704000000, 0x0000000703e00000| Untracked 
|  32|0x0000000704000000, 0x0000000704200000, 0x0000000704200000|100%| O|  |TAMS 0x0000000704200000, 0x0000000704000000| Untracked 
|  33|0x0000000704200000, 0x0000000704400000, 0x0000000704400000|100%| O|  |TAMS 0x0000000704400000, 0x0000000704200000| Untracked 
|  34|0x0000000704400000, 0x0000000704600000, 0x0000000704600000|100%| O|  |TAMS 0x0000000704600000, 0x0000000704400000| Untracked 
|  35|0x0000000704600000, 0x0000000704800000, 0x0000000704800000|100%| O|  |TAMS 0x0000000704800000, 0x0000000704600000| Untracked 
|  36|0x0000000704800000, 0x0000000704a00000, 0x0000000704a00000|100%| O|  |TAMS 0x0000000704a00000, 0x0000000704800000| Untracked 
|  37|0x0000000704a00000, 0x0000000704c00000, 0x0000000704c00000|100%| O|  |TAMS 0x0000000704c00000, 0x0000000704a00000| Untracked 
|  38|0x0000000704c00000, 0x0000000704e00000, 0x0000000704e00000|100%| O|  |TAMS 0x0000000704e00000, 0x0000000704c00000| Untracked 
|  39|0x0000000704e00000, 0x0000000705000000, 0x0000000705000000|100%| O|  |TAMS 0x0000000705000000, 0x0000000704e00000| Untracked 
|  40|0x0000000705000000, 0x0000000705200000, 0x0000000705200000|100%| O|  |TAMS 0x0000000705200000, 0x0000000705000000| Untracked 
|  41|0x0000000705200000, 0x0000000705400000, 0x0000000705400000|100%| O|  |TAMS 0x0000000705400000, 0x0000000705200000| Untracked 
|  42|0x0000000705400000, 0x0000000705600000, 0x0000000705600000|100%| O|  |TAMS 0x00000007054e6a00, 0x0000000705400000| Untracked 
|  43|0x0000000705600000, 0x0000000705600000, 0x0000000705800000|  0%| F|  |TAMS 0x0000000705600000, 0x0000000705600000| Untracked 
|  44|0x0000000705800000, 0x0000000705800000, 0x0000000705a00000|  0%| F|  |TAMS 0x0000000705800000, 0x0000000705800000| Untracked 
|  45|0x0000000705a00000, 0x0000000705a00000, 0x0000000705c00000|  0%| F|  |TAMS 0x0000000705a00000, 0x0000000705a00000| Untracked 
|  46|0x0000000705c00000, 0x0000000705c00000, 0x0000000705e00000|  0%| F|  |TAMS 0x0000000705c00000, 0x0000000705c00000| Untracked 
|  47|0x0000000705e00000, 0x0000000705e00000, 0x0000000706000000|  0%| F|  |TAMS 0x0000000705e00000, 0x0000000705e00000| Untracked 
|  48|0x0000000706000000, 0x0000000706000000, 0x0000000706200000|  0%| F|  |TAMS 0x0000000706000000, 0x0000000706000000| Untracked 
|  49|0x0000000706200000, 0x0000000706200000, 0x0000000706400000|  0%| F|  |TAMS 0x0000000706200000, 0x0000000706200000| Untracked 
|  50|0x0000000706400000, 0x0000000706400000, 0x0000000706600000|  0%| F|  |TAMS 0x0000000706400000, 0x0000000706400000| Untracked 
|  51|0x0000000706600000, 0x0000000706600000, 0x0000000706800000|  0%| F|  |TAMS 0x0000000706600000, 0x0000000706600000| Untracked 
|  52|0x0000000706800000, 0x0000000706800000, 0x0000000706a00000|  0%| F|  |TAMS 0x0000000706800000, 0x0000000706800000| Untracked 
|  53|0x0000000706a00000, 0x0000000706a00000, 0x0000000706c00000|  0%| F|  |TAMS 0x0000000706a00000, 0x0000000706a00000| Untracked 
|  54|0x0000000706c00000, 0x0000000706c00000, 0x0000000706e00000|  0%| F|  |TAMS 0x0000000706c00000, 0x0000000706c00000| Untracked 
|  55|0x0000000706e00000, 0x0000000706e00000, 0x0000000707000000|  0%| F|  |TAMS 0x0000000706e00000, 0x0000000706e00000| Untracked 
|  56|0x0000000707000000, 0x0000000707000000, 0x0000000707200000|  0%| F|  |TAMS 0x0000000707000000, 0x0000000707000000| Untracked 
|  57|0x0000000707200000, 0x0000000707200000, 0x0000000707400000|  0%| F|  |TAMS 0x0000000707200000, 0x0000000707200000| Untracked 
|  58|0x0000000707400000, 0x0000000707400000, 0x0000000707600000|  0%| F|  |TAMS 0x0000000707400000, 0x0000000707400000| Untracked 
|  59|0x0000000707600000, 0x0000000707600000, 0x0000000707800000|  0%| F|  |TAMS 0x0000000707600000, 0x0000000707600000| Untracked 
|  60|0x0000000707800000, 0x0000000707800000, 0x0000000707a00000|  0%| F|  |TAMS 0x0000000707800000, 0x0000000707800000| Untracked 
|  61|0x0000000707a00000, 0x0000000707a00000, 0x0000000707c00000|  0%| F|  |TAMS 0x0000000707a00000, 0x0000000707a00000| Untracked 
|  62|0x0000000707c00000, 0x0000000707c00000, 0x0000000707e00000|  0%| F|  |TAMS 0x0000000707c00000, 0x0000000707c00000| Untracked 
|  63|0x0000000707e00000, 0x0000000707e00000, 0x0000000708000000|  0%| F|  |TAMS 0x0000000707e00000, 0x0000000707e00000| Untracked 
|  64|0x0000000708000000, 0x0000000708000000, 0x0000000708200000|  0%| F|  |TAMS 0x0000000708000000, 0x0000000708000000| Untracked 
|  65|0x0000000708200000, 0x0000000708200000, 0x0000000708400000|  0%| F|  |TAMS 0x0000000708200000, 0x0000000708200000| Untracked 
|  66|0x0000000708400000, 0x0000000708600000, 0x0000000708600000|100%| S|CS|TAMS 0x0000000708400000, 0x0000000708400000| Complete 
|  67|0x0000000708600000, 0x0000000708800000, 0x0000000708800000|100%| S|CS|TAMS 0x0000000708600000, 0x0000000708600000| Complete 
|  68|0x0000000708800000, 0x0000000708a00000, 0x0000000708a00000|100%| S|CS|TAMS 0x0000000708800000, 0x0000000708800000| Complete 
|  69|0x0000000708a00000, 0x0000000708c00000, 0x0000000708c00000|100%| S|CS|TAMS 0x0000000708a00000, 0x0000000708a00000| Complete 
|  70|0x0000000708c00000, 0x0000000708e00000, 0x0000000708e00000|100%| S|CS|TAMS 0x0000000708c00000, 0x0000000708c00000| Complete 
|  71|0x0000000708e00000, 0x0000000709000000, 0x0000000709000000|100%| S|CS|TAMS 0x0000000708e00000, 0x0000000708e00000| Complete 
|  72|0x0000000709000000, 0x0000000709200000, 0x0000000709200000|100%| S|CS|TAMS 0x0000000709000000, 0x0000000709000000| Complete 
|  73|0x0000000709200000, 0x0000000709200000, 0x0000000709400000|  0%| F|  |TAMS 0x0000000709200000, 0x0000000709200000| Untracked 
|  74|0x0000000709400000, 0x0000000709400000, 0x0000000709600000|  0%| F|  |TAMS 0x0000000709400000, 0x0000000709400000| Untracked 
|  75|0x0000000709600000, 0x0000000709600000, 0x0000000709800000|  0%| F|  |TAMS 0x0000000709600000, 0x0000000709600000| Untracked 
|  76|0x0000000709800000, 0x0000000709800000, 0x0000000709a00000|  0%| F|  |TAMS 0x0000000709800000, 0x0000000709800000| Untracked 
|  77|0x0000000709a00000, 0x0000000709a00000, 0x0000000709c00000|  0%| F|  |TAMS 0x0000000709a00000, 0x0000000709a00000| Untracked 
|  78|0x0000000709c00000, 0x0000000709c00000, 0x0000000709e00000|  0%| F|  |TAMS 0x0000000709c00000, 0x0000000709c00000| Untracked 
|  79|0x0000000709e00000, 0x0000000709e00000, 0x000000070a000000|  0%| F|  |TAMS 0x0000000709e00000, 0x0000000709e00000| Untracked 
|  80|0x000000070a000000, 0x000000070a000000, 0x000000070a200000|  0%| F|  |TAMS 0x000000070a000000, 0x000000070a000000| Untracked 
|  81|0x000000070a200000, 0x000000070a200000, 0x000000070a400000|  0%| F|  |TAMS 0x000000070a200000, 0x000000070a200000| Untracked 
|  82|0x000000070a400000, 0x000000070a400000, 0x000000070a600000|  0%| F|  |TAMS 0x000000070a400000, 0x000000070a400000| Untracked 
|  83|0x000000070a600000, 0x000000070a600000, 0x000000070a800000|  0%| F|  |TAMS 0x000000070a600000, 0x000000070a600000| Untracked 
|  84|0x000000070a800000, 0x000000070a800000, 0x000000070aa00000|  0%| F|  |TAMS 0x000000070a800000, 0x000000070a800000| Untracked 
|  85|0x000000070aa00000, 0x000000070aa00000, 0x000000070ac00000|  0%| F|  |TAMS 0x000000070aa00000, 0x000000070aa00000| Untracked 
|  86|0x000000070ac00000, 0x000000070ac00000, 0x000000070ae00000|  0%| F|  |TAMS 0x000000070ac00000, 0x000000070ac00000| Untracked 
|  87|0x000000070ae00000, 0x000000070ae00000, 0x000000070b000000|  0%| F|  |TAMS 0x000000070ae00000, 0x000000070ae00000| Untracked 
|  88|0x000000070b000000, 0x000000070b000000, 0x000000070b200000|  0%| F|  |TAMS 0x000000070b000000, 0x000000070b000000| Untracked 
|  89|0x000000070b200000, 0x000000070b200000, 0x000000070b400000|  0%| F|  |TAMS 0x000000070b200000, 0x000000070b200000| Untracked 
|  90|0x000000070b400000, 0x000000070b400000, 0x000000070b600000|  0%| F|  |TAMS 0x000000070b400000, 0x000000070b400000| Untracked 
|  91|0x000000070b600000, 0x000000070b600000, 0x000000070b800000|  0%| F|  |TAMS 0x000000070b600000, 0x000000070b600000| Untracked 
|  92|0x000000070b800000, 0x000000070b800000, 0x000000070ba00000|  0%| F|  |TAMS 0x000000070b800000, 0x000000070b800000| Untracked 
|  93|0x000000070ba00000, 0x000000070ba00000, 0x000000070bc00000|  0%| F|  |TAMS 0x000000070ba00000, 0x000000070ba00000| Untracked 
|  94|0x000000070bc00000, 0x000000070bc00000, 0x000000070be00000|  0%| F|  |TAMS 0x000000070bc00000, 0x000000070bc00000| Untracked 
|  95|0x000000070be00000, 0x000000070be00000, 0x000000070c000000|  0%| F|  |TAMS 0x000000070be00000, 0x000000070be00000| Untracked 
|  96|0x000000070c000000, 0x000000070c000000, 0x000000070c200000|  0%| F|  |TAMS 0x000000070c000000, 0x000000070c000000| Untracked 
|  97|0x000000070c200000, 0x000000070c200000, 0x000000070c400000|  0%| F|  |TAMS 0x000000070c200000, 0x000000070c200000| Untracked 
|  98|0x000000070c400000, 0x000000070c400000, 0x000000070c600000|  0%| F|  |TAMS 0x000000070c400000, 0x000000070c400000| Untracked 
|  99|0x000000070c600000, 0x000000070c7a34a0, 0x000000070c800000| 81%| E|  |TAMS 0x000000070c600000, 0x000000070c600000| Complete 
| 100|0x000000070c800000, 0x000000070ca00000, 0x000000070ca00000|100%| E|CS|TAMS 0x000000070c800000, 0x000000070c800000| Complete 
| 101|0x000000070ca00000, 0x000000070cc00000, 0x000000070cc00000|100%| E|CS|TAMS 0x000000070ca00000, 0x000000070ca00000| Complete 
| 102|0x000000070cc00000, 0x000000070ce00000, 0x000000070ce00000|100%| E|  |TAMS 0x000000070cc00000, 0x000000070cc00000| Complete 
| 103|0x000000070ce00000, 0x000000070d000000, 0x000000070d000000|100%| E|CS|TAMS 0x000000070ce00000, 0x000000070ce00000| Complete 
| 104|0x000000070d000000, 0x000000070d200000, 0x000000070d200000|100%| E|CS|TAMS 0x000000070d000000, 0x000000070d000000| Complete 
| 105|0x000000070d200000, 0x000000070d400000, 0x000000070d400000|100%| E|CS|TAMS 0x000000070d200000, 0x000000070d200000| Complete 
| 106|0x000000070d400000, 0x000000070d600000, 0x000000070d600000|100%| E|CS|TAMS 0x000000070d400000, 0x000000070d400000| Complete 
| 107|0x000000070d600000, 0x000000070d800000, 0x000000070d800000|100%| E|CS|TAMS 0x000000070d600000, 0x000000070d600000| Complete 
| 108|0x000000070d800000, 0x000000070da00000, 0x000000070da00000|100%| E|CS|TAMS 0x000000070d800000, 0x000000070d800000| Complete 
| 109|0x000000070da00000, 0x000000070dc00000, 0x000000070dc00000|100%| E|CS|TAMS 0x000000070da00000, 0x000000070da00000| Complete 
| 110|0x000000070dc00000, 0x000000070de00000, 0x000000070de00000|100%| E|CS|TAMS 0x000000070dc00000, 0x000000070dc00000| Complete 
| 111|0x000000070de00000, 0x000000070e000000, 0x000000070e000000|100%| E|CS|TAMS 0x000000070de00000, 0x000000070de00000| Complete 
| 112|0x000000070e000000, 0x000000070e200000, 0x000000070e200000|100%| E|CS|TAMS 0x000000070e000000, 0x000000070e000000| Complete 
| 113|0x000000070e200000, 0x000000070e400000, 0x000000070e400000|100%| E|CS|TAMS 0x000000070e200000, 0x000000070e200000| Complete 
| 114|0x000000070e400000, 0x000000070e600000, 0x000000070e600000|100%| E|CS|TAMS 0x000000070e400000, 0x000000070e400000| Complete 
| 115|0x000000070e600000, 0x000000070e800000, 0x000000070e800000|100%| E|CS|TAMS 0x000000070e600000, 0x000000070e600000| Complete 
| 116|0x000000070e800000, 0x000000070ea00000, 0x000000070ea00000|100%| E|CS|TAMS 0x000000070e800000, 0x000000070e800000| Complete 
| 117|0x000000070ea00000, 0x000000070ec00000, 0x000000070ec00000|100%| E|CS|TAMS 0x000000070ea00000, 0x000000070ea00000| Complete 
| 118|0x000000070ec00000, 0x000000070ee00000, 0x000000070ee00000|100%| E|CS|TAMS 0x000000070ec00000, 0x000000070ec00000| Complete 
| 119|0x000000070ee00000, 0x000000070f000000, 0x000000070f000000|100%| E|CS|TAMS 0x000000070ee00000, 0x000000070ee00000| Complete 
| 120|0x000000070f000000, 0x000000070f200000, 0x000000070f200000|100%| E|CS|TAMS 0x000000070f000000, 0x000000070f000000| Complete 
| 121|0x000000070f200000, 0x000000070f400000, 0x000000070f400000|100%| E|CS|TAMS 0x000000070f200000, 0x000000070f200000| Complete 
| 122|0x000000070f400000, 0x000000070f600000, 0x000000070f600000|100%| E|CS|TAMS 0x000000070f400000, 0x000000070f400000| Complete 
| 123|0x000000070f600000, 0x000000070f800000, 0x000000070f800000|100%| E|CS|TAMS 0x000000070f600000, 0x000000070f600000| Complete 
| 124|0x000000070f800000, 0x000000070fa00000, 0x000000070fa00000|100%| E|CS|TAMS 0x000000070f800000, 0x000000070f800000| Complete 

Card table byte_map: [0x0000022c0f800000,0x0000022c10000000] _byte_map_base: 0x0000022c0c000000

Marking Bits (Prev, Next): (CMBitMap*) 0x0000022c7a8ff8f0, (CMBitMap*) 0x0000022c7a8ff8b0
 Prev Bits: [0x0000022c14800000, 0x0000022c18800000)
 Next Bits: [0x0000022c10800000, 0x0000022c14800000)

Polling page: 0x0000022c7a660000

Metaspace:

Usage:
  Non-class:     85.22 MB used.
      Class:     13.65 MB used.
       Both:     98.87 MB used.

Virtual space:
  Non-class space:       88.00 MB reserved,      85.69 MB ( 97%) committed,  11 nodes.
      Class space:        1.00 GB reserved,      14.00 MB (  1%) committed,  1 nodes.
             Both:        1.09 GB reserved,      99.69 MB (  9%) committed. 

Chunk freelists:
   Non-Class:  2.30 MB
       Class:  1.98 MB
        Both:  4.28 MB

MaxMetaspaceSize: unlimited
CompressedClassSpaceSize: 1.00 GB
Initial GC threshold: 21.00 MB
Current GC threshold: 150.62 MB
CDS: off
MetaspaceReclaimPolicy: balanced
 - commit_granule_bytes: 65536.
 - commit_granule_words: 8192.
 - virtual_space_node_default_size: 1048576.
 - enlarge_chunks_in_place: 1.
 - new_chunks_are_fully_committed: 0.
 - uncommit_free_chunks: 1.
 - use_allocation_guard: 0.
 - handle_deallocations: 1.


Internal statistics:

num_allocs_failed_limit: 6.
num_arena_births: 998.
num_arena_deaths: 0.
num_vsnodes_births: 12.
num_vsnodes_deaths: 0.
num_space_committed: 1595.
num_space_uncommitted: 0.
num_chunks_returned_to_freelist: 6.
num_chunks_taken_from_freelist: 4840.
num_chunk_merges: 3.
num_chunk_splits: 3188.
num_chunks_enlarged: 2131.
num_purges: 0.
num_inconsistent_stats: 0.

CodeHeap 'non-profiled nmethods': size=120000Kb used=5889Kb max_used=5889Kb free=114110Kb
 bounds [0x0000022c07ad0000, 0x0000022c080a0000, 0x0000022c0f000000]
CodeHeap 'profiled nmethods': size=120000Kb used=19793Kb max_used=19793Kb free=100206Kb
 bounds [0x0000022c00000000, 0x0000022c01360000, 0x0000022c07530000]
CodeHeap 'non-nmethods': size=5760Kb used=2398Kb max_used=2461Kb free=3361Kb
 bounds [0x0000022c07530000, 0x0000022c077b0000, 0x0000022c07ad0000]
 total_blobs=11352 nmethods=10418 adapters=846
 compilation: enabled
              stopped_count=0, restarted_count=0
 full_count=0

Compilation events (20 events):
Event: 84.010 Thread 0x0000022c1b417af0 nmethod 11856 0x0000022c0131ea90 code [0x0000022c0131ec40, 0x0000022c0131ed88]
Event: 84.010 Thread 0x0000022c1b417af0 11858       3       org.gradle.api.internal.provider.DefaultProperty::unpackState (5 bytes)
Event: 84.010 Thread 0x0000022c1b417af0 nmethod 11858 0x0000022c0131ee10 code [0x0000022c0131efc0, 0x0000022c0131f358]
Event: 84.012 Thread 0x0000022c1b417af0 11859       3       org.gradle.api.internal.artifacts.transform.TransformationStep::requiresDependencies (10 bytes)
Event: 84.012 Thread 0x0000022c1b417af0 nmethod 11859 0x0000022c0131f410 code [0x0000022c0131f5a0, 0x0000022c0131f738]
Event: 84.012 Thread 0x0000022c1b417af0 11861       3       org.gradle.api.internal.artifacts.transform.TransformationChain::requiresDependencies (30 bytes)
Event: 84.013 Thread 0x0000022c1b417af0 nmethod 11861 0x0000022c0131f810 code [0x0000022c0131f9c0, 0x0000022c0131fcf8]
Event: 84.013 Thread 0x0000022c1b417af0 11862       1       org.gradle.internal.Pair::getRight (5 bytes)
Event: 84.013 Thread 0x0000022c1b417af0 nmethod 11862 0x0000022c08087290 code [0x0000022c08087420, 0x0000022c080874f8]
Event: 84.013 Thread 0x0000022c1b417af0 11863       1       org.gradle.internal.Pair::getLeft (5 bytes)
Event: 84.013 Thread 0x0000022c1b417af0 nmethod 11863 0x0000022c08087590 code [0x0000022c08087720, 0x0000022c080877f8]
Event: 84.013 Thread 0x0000022c1b417af0 11866       3       org.gradle.internal.component.model.DefaultCompatibilityCheckResult::<init> (57 bytes)
Event: 84.013 Thread 0x0000022c1b417af0 nmethod 11866 0x0000022c0131fe10 code [0x0000022c0131ffc0, 0x0000022c01320218]
Event: 84.013 Thread 0x0000022c1b417af0 11864       1       org.gradle.api.internal.artifacts.ivyservice.resolveengine.artifact.ArtifactBackedResolvedVariant::getIdentifier (5 bytes)
Event: 84.013 Thread 0x0000022c1b4171f0 nmethod 11847 0x0000022c08087890 code [0x0000022c08087a40, 0x0000022c08087f68]
Event: 84.014 Thread 0x0000022c1b4171f0 11860       4       org.gradle.api.internal.attributes.DefaultImmutableAttributes::isEmpty (13 bytes)
Event: 84.014 Thread 0x0000022c1b417af0 nmethod 11864 0x0000022c08088390 code [0x0000022c08088520, 0x0000022c080885f8]
Event: 84.014 Thread 0x0000022c1b417af0 11867       3       org.gradle.internal.logging.console.StyledTextOutputBackedRenderer::onOutput (260 bytes)
Event: 84.014 Thread 0x0000022c1b4171f0 nmethod 11860 0x0000022c08088690 code [0x0000022c08088800, 0x0000022c08088898]
Event: 84.014 Thread 0x0000022c1b4171f0 11865       4       org.gradle.api.internal.attributes.DefaultImmutableAttributes::findEntry (37 bytes)

GC Heap History (20 events):
Event: 38.965 GC heap before
{Heap before GC invocations=33 (full 0):
 garbage-first heap   total 124928K, used 99061K [0x0000000700000000, 0x0000000800000000)
  region size 2048K, 17 young (34816K), 2 survivors (4096K)
 Metaspace       used 80921K, committed 81472K, reserved 1122304K
  class space    used 10939K, committed 11200K, reserved 1048576K
}
Event: 38.978 GC heap after
{Heap after GC invocations=34 (full 0):
 garbage-first heap   total 124928K, used 71485K [0x0000000700000000, 0x0000000800000000)
  region size 2048K, 3 young (6144K), 3 survivors (6144K)
 Metaspace       used 80921K, committed 81472K, reserved 1122304K
  class space    used 10939K, committed 11200K, reserved 1048576K
}
Event: 39.543 GC heap before
{Heap before GC invocations=35 (full 0):
 garbage-first heap   total 143360K, used 98109K [0x0000000700000000, 0x0000000800000000)
  region size 2048K, 16 young (32768K), 3 survivors (6144K)
 Metaspace       used 81177K, committed 81792K, reserved 1122304K
  class space    used 10986K, committed 11264K, reserved 1048576K
}
Event: 39.556 GC heap after
{Heap after GC invocations=36 (full 0):
 garbage-first heap   total 143360K, used 72908K [0x0000000700000000, 0x0000000800000000)
  region size 2048K, 1 young (2048K), 1 survivors (2048K)
 Metaspace       used 81177K, committed 81792K, reserved 1122304K
  class space    used 10986K, committed 11264K, reserved 1048576K
}
Event: 39.631 GC heap before
{Heap before GC invocations=36 (full 0):
 garbage-first heap   total 143360K, used 77004K [0x0000000700000000, 0x0000000800000000)
  region size 2048K, 3 young (6144K), 1 survivors (2048K)
 Metaspace       used 81177K, committed 81792K, reserved 1122304K
  class space    used 10986K, committed 11264K, reserved 1048576K
}
Event: 39.637 GC heap after
{Heap after GC invocations=37 (full 0):
 garbage-first heap   total 143360K, used 71952K [0x0000000700000000, 0x0000000800000000)
  region size 2048K, 1 young (2048K), 1 survivors (2048K)
 Metaspace       used 81177K, committed 81792K, reserved 1122304K
  class space    used 10986K, committed 11264K, reserved 1048576K
}
Event: 40.564 GC heap before
{Heap before GC invocations=37 (full 0):
 garbage-first heap   total 143360K, used 114960K [0x0000000700000000, 0x0000000800000000)
  region size 2048K, 22 young (45056K), 1 survivors (2048K)
 Metaspace       used 81724K, committed 82368K, reserved 1122304K
  class space    used 11050K, committed 11328K, reserved 1048576K
}
Event: 40.573 GC heap after
{Heap after GC invocations=38 (full 0):
 garbage-first heap   total 143360K, used 75401K [0x0000000700000000, 0x0000000800000000)
  region size 2048K, 2 young (4096K), 2 survivors (4096K)
 Metaspace       used 81724K, committed 82368K, reserved 1122304K
  class space    used 11050K, committed 11328K, reserved 1048576K
}
Event: 42.258 GC heap before
{Heap before GC invocations=39 (full 0):
 garbage-first heap   total 143360K, used 116361K [0x0000000700000000, 0x0000000800000000)
  region size 2048K, 22 young (45056K), 2 survivors (4096K)
 Metaspace       used 86072K, committed 86656K, reserved 1130496K
  class space    used 11842K, committed 12096K, reserved 1048576K
}
Event: 42.271 GC heap after
{Heap after GC invocations=40 (full 0):
 garbage-first heap   total 143360K, used 77985K [0x0000000700000000, 0x0000000800000000)
  region size 2048K, 2 young (4096K), 2 survivors (4096K)
 Metaspace       used 86072K, committed 86656K, reserved 1130496K
  class space    used 11842K, committed 12096K, reserved 1048576K
}
Event: 43.457 GC heap before
{Heap before GC invocations=40 (full 0):
 garbage-first heap   total 143360K, used 116897K [0x0000000700000000, 0x0000000800000000)
  region size 2048K, 21 young (43008K), 2 survivors (4096K)
 Metaspace       used 88254K, committed 88832K, reserved 1130496K
  class space    used 12153K, committed 12416K, reserved 1048576K
}
Event: 43.471 GC heap after
{Heap after GC invocations=41 (full 0):
 garbage-first heap   total 143360K, used 81811K [0x0000000700000000, 0x0000000800000000)
  region size 2048K, 3 young (6144K), 3 survivors (6144K)
 Metaspace       used 88254K, committed 88832K, reserved 1130496K
  class space    used 12153K, committed 12416K, reserved 1048576K
}
Event: 44.928 GC heap before
{Heap before GC invocations=42 (full 0):
 garbage-first heap   total 153600K, used 114579K [0x0000000700000000, 0x0000000800000000)
  region size 2048K, 20 young (40960K), 3 survivors (6144K)
 Metaspace       used 89560K, committed 90176K, reserved 1130496K
  class space    used 12331K, committed 12608K, reserved 1048576K
}
Event: 44.949 GC heap after
{Heap after GC invocations=43 (full 0):
 garbage-first heap   total 153600K, used 85880K [0x0000000700000000, 0x0000000800000000)
  region size 2048K, 2 young (4096K), 2 survivors (4096K)
 Metaspace       used 89560K, committed 90176K, reserved 1130496K
  class space    used 12331K, committed 12608K, reserved 1048576K
}
Event: 45.056 GC heap before
{Heap before GC invocations=43 (full 0):
 garbage-first heap   total 153600K, used 87928K [0x0000000700000000, 0x0000000800000000)
  region size 2048K, 3 young (6144K), 2 survivors (4096K)
 Metaspace       used 89660K, committed 90368K, reserved 1130496K
  class space    used 12350K, committed 12672K, reserved 1048576K
}
Event: 45.069 GC heap after
{Heap after GC invocations=44 (full 0):
 garbage-first heap   total 153600K, used 85645K [0x0000000700000000, 0x0000000800000000)
  region size 2048K, 1 young (2048K), 1 survivors (2048K)
 Metaspace       used 89660K, committed 90368K, reserved 1130496K
  class space    used 12350K, committed 12672K, reserved 1048576K
}
Event: 47.183 GC heap before
{Heap before GC invocations=44 (full 0):
 garbage-first heap   total 153600K, used 122509K [0x0000000700000000, 0x0000000800000000)
  region size 2048K, 19 young (38912K), 1 survivors (2048K)
 Metaspace       used 91552K, committed 92224K, reserved 1130496K
  class space    used 12655K, committed 12928K, reserved 1048576K
}
Event: 47.199 GC heap after
{Heap after GC invocations=45 (full 0):
 garbage-first heap   total 256000K, used 92160K [0x0000000700000000, 0x0000000800000000)
  region size 2048K, 3 young (6144K), 3 survivors (6144K)
 Metaspace       used 91552K, committed 92224K, reserved 1130496K
  class space    used 12655K, committed 12928K, reserved 1048576K
}
Event: 53.740 GC heap before
{Heap before GC invocations=46 (full 0):
 garbage-first heap   total 256000K, used 198656K [0x0000000700000000, 0x0000000800000000)
  region size 2048K, 55 young (112640K), 3 survivors (6144K)
 Metaspace       used 99388K, committed 100160K, reserved 1138688K
  class space    used 13760K, committed 14080K, reserved 1048576K
}
Event: 53.777 GC heap after
{Heap after GC invocations=47 (full 0):
 garbage-first heap   total 256000K, used 101235K [0x0000000700000000, 0x0000000800000000)
  region size 2048K, 7 young (14336K), 7 survivors (14336K)
 Metaspace       used 99388K, committed 100160K, reserved 1138688K
  class space    used 13760K, committed 14080K, reserved 1048576K
}

Dll operation events (2 events):
Event: 0.015 Loaded shared library C:\Program Files\Android\Android Studio\jbr\bin\java.dll
Event: 1.376 Loaded shared library C:\Program Files\Android\Android Studio\jbr\bin\verify.dll

Deoptimization events (20 events):
Event: 83.975 Thread 0x0000022c20057e30 Uncommon trap: trap_request=0xffffffc6 fr.pc=0x0000022c07dc629c relative=0x000000000000017c
Event: 83.975 Thread 0x0000022c20057e30 Uncommon trap: reason=bimorphic_or_optimized_type_check action=maybe_recompile pc=0x0000022c07dc629c method=com.google.common.collect.RegularImmutableMap.get(Ljava/lang/Object;[Lcom/google/common/collect/ImmutableMapEntry;I)Ljava/lang/Object; @ 54 c2
Event: 83.975 Thread 0x0000022c20057e30 DEOPT PACKING pc=0x0000022c07dc629c sp=0x0000008d6f5fc970
Event: 83.975 Thread 0x0000022c20057e30 DEOPT UNPACKING pc=0x0000022c075869a3 sp=0x0000008d6f5fc908 mode 2
Event: 83.975 Thread 0x0000022c20057e30 Uncommon trap: trap_request=0xffffffc6 fr.pc=0x0000022c07dc629c relative=0x000000000000017c
Event: 83.975 Thread 0x0000022c20057e30 Uncommon trap: reason=bimorphic_or_optimized_type_check action=maybe_recompile pc=0x0000022c07dc629c method=com.google.common.collect.RegularImmutableMap.get(Ljava/lang/Object;[Lcom/google/common/collect/ImmutableMapEntry;I)Ljava/lang/Object; @ 54 c2
Event: 83.975 Thread 0x0000022c20057e30 DEOPT PACKING pc=0x0000022c07dc629c sp=0x0000008d6f5fc970
Event: 83.975 Thread 0x0000022c20057e30 DEOPT UNPACKING pc=0x0000022c075869a3 sp=0x0000008d6f5fc908 mode 2
Event: 83.975 Thread 0x0000022c20057e30 Uncommon trap: trap_request=0xffffffc6 fr.pc=0x0000022c07dc629c relative=0x000000000000017c
Event: 83.975 Thread 0x0000022c20057e30 Uncommon trap: reason=bimorphic_or_optimized_type_check action=maybe_recompile pc=0x0000022c07dc629c method=com.google.common.collect.RegularImmutableMap.get(Ljava/lang/Object;[Lcom/google/common/collect/ImmutableMapEntry;I)Ljava/lang/Object; @ 54 c2
Event: 83.976 Thread 0x0000022c20057e30 DEOPT PACKING pc=0x0000022c07dc629c sp=0x0000008d6f5fc970
Event: 83.976 Thread 0x0000022c20057e30 DEOPT UNPACKING pc=0x0000022c075869a3 sp=0x0000008d6f5fc908 mode 2
Event: 83.991 Thread 0x0000022c20057e30 Uncommon trap: trap_request=0xffffffc6 fr.pc=0x0000022c07beaed0 relative=0x0000000000000130
Event: 83.991 Thread 0x0000022c20057e30 Uncommon trap: reason=bimorphic_or_optimized_type_check action=maybe_recompile pc=0x0000022c07beaed0 method=com.google.common.collect.RegularImmutableMap.checkNoConflictInKeyBucket(Ljava/lang/Object;Ljava/lang/Object;Lcom/google/common/collect/ImmutableMa
Event: 83.991 Thread 0x0000022c20057e30 DEOPT PACKING pc=0x0000022c07beaed0 sp=0x0000008d6f5fd190
Event: 83.991 Thread 0x0000022c20057e30 DEOPT UNPACKING pc=0x0000022c075869a3 sp=0x0000008d6f5fd128 mode 2
Event: 84.003 Thread 0x0000022c20058ca0 Uncommon trap: trap_request=0xffffffc6 fr.pc=0x0000022c07beaed0 relative=0x0000000000000130
Event: 84.003 Thread 0x0000022c20058ca0 Uncommon trap: reason=bimorphic_or_optimized_type_check action=maybe_recompile pc=0x0000022c07beaed0 method=com.google.common.collect.RegularImmutableMap.checkNoConflictInKeyBucket(Ljava/lang/Object;Ljava/lang/Object;Lcom/google/common/collect/ImmutableMa
Event: 84.003 Thread 0x0000022c20058ca0 DEOPT PACKING pc=0x0000022c07beaed0 sp=0x0000008d6f3fc300
Event: 84.003 Thread 0x0000022c20058ca0 DEOPT UNPACKING pc=0x0000022c075869a3 sp=0x0000008d6f3fc298 mode 2

Classes unloaded (0 events):
No events

Classes redefined (0 events):
No events

Internal exceptions (20 events):
Event: 54.616 Thread 0x0000022c20054940 Exception <a 'java/lang/ClassNotFoundException'{0x000000070e8490b8}: org/gradle/process/internal/DefaultProcessForkOptionsBeanInfo> (0x000000070e8490b8) 
thrown [s\src\hotspot\share\classfile\systemDictionary.cpp, line 256]
Event: 54.617 Thread 0x0000022c20054940 Exception <a 'java/lang/ClassNotFoundException'{0x000000070e85b4d0}: org/gradle/process/internal/DefaultProcessForkOptionsCustomizer> (0x000000070e85b4d0) 
thrown [s\src\hotspot\share\classfile\systemDictionary.cpp, line 256]
Event: 54.618 Thread 0x0000022c20054940 Exception <a 'java/lang/ClassNotFoundException'{0x000000070e87a708}: org/gradle/process/internal/AbstractExecHandleBuilderCustomizer> (0x000000070e87a708) 
thrown [s\src\hotspot\share\classfile\systemDictionary.cpp, line 256]
Event: 54.619 Thread 0x0000022c20054940 Exception <a 'java/lang/ClassNotFoundException'{0x000000070e89dcb8}: org/gradle/process/internal/DefaultExecHandleBuilderCustomizer> (0x000000070e89dcb8) 
thrown [s\src\hotspot\share\classfile\systemDictionary.cpp, line 256]
Event: 54.622 Thread 0x0000022c20054940 Exception <a 'java/lang/ClassNotFoundException'{0x000000070e8dc798}: org/gradle/process/internal/DefaultExecActionCustomizer> (0x000000070e8dc798) 
thrown [s\src\hotspot\share\classfile\systemDictionary.cpp, line 256]
Event: 54.624 Thread 0x0000022c20054940 Exception <a 'java/lang/ClassNotFoundException'{0x000000070e8f6e78}: org/gradle/process/internal/DefaultExecAction_DecoratedCustomizer> (0x000000070e8f6e78) 
thrown [s\src\hotspot\share\classfile\systemDictionary.cpp, line 256]
Event: 54.629 Thread 0x0000022c20054940 Exception <a 'java/lang/ClassNotFoundException'{0x000000070e92e4f0}: org/gradle/api/logging/LogLevelBeanInfo> (0x000000070e92e4f0) 
thrown [s\src\hotspot\share\classfile\systemDictionary.cpp, line 256]
Event: 54.631 Thread 0x0000022c20054940 Exception <a 'java/lang/ClassNotFoundException'{0x000000070e93e240}: org/gradle/api/logging/LogLevelCustomizer> (0x000000070e93e240) 
thrown [s\src\hotspot\share\classfile\systemDictionary.cpp, line 256]
Event: 54.638 Thread 0x0000022c20054940 Exception <a 'java/lang/ClassNotFoundException'{0x000000070e9821b0}: org/gradle/internal/logging/services/DefaultLoggingManagerBeanInfo> (0x000000070e9821b0) 
thrown [s\src\hotspot\share\classfile\systemDictionary.cpp, line 256]
Event: 54.642 Thread 0x0000022c20054940 Exception <a 'java/lang/ClassNotFoundException'{0x000000070e9925f0}: org/gradle/internal/logging/services/DefaultLoggingManagerCustomizer> (0x000000070e9925f0) 
thrown [s\src\hotspot\share\classfile\systemDictionary.cpp, line 256]
Event: 54.668 Thread 0x0000022c20054940 Exception <a 'java/lang/ClassNotFoundException'{0x000000070e9c2a58}: java/lang/BooleanBeanInfo> (0x000000070e9c2a58) 
thrown [s\src\hotspot\share\classfile\systemDictionary.cpp, line 256]
Event: 54.669 Thread 0x0000022c20054940 Exception <a 'java/lang/ClassNotFoundException'{0x000000070e9c8748}: java/lang/BooleanCustomizer> (0x000000070e9c8748) 
thrown [s\src\hotspot\share\classfile\systemDictionary.cpp, line 256]
Event: 54.718 Thread 0x0000022c24f69540 Exception <a 'java/lang/NoSuchMethodError'{0x000000070e631768}: 'void java.lang.invoke.DirectMethodHandle$Holder.invokeStatic(java.lang.Object, long)'> (0x000000070e631768) 
thrown [s\src\hotspot\share\interpreter\linkResolver.cpp, line 771]
Event: 54.719 Thread 0x0000022c24f69540 Exception <a 'java/lang/NoSuchMethodError'{0x000000070e636ad0}: 'java.lang.Object java.lang.invoke.DirectMethodHandle$Holder.newInvokeSpecial(java.lang.Object, long)'> (0x000000070e636ad0) 
thrown [s\src\hotspot\share\interpreter\linkResolver.cpp, line 771]
Event: 54.721 Thread 0x0000022c24f69540 Exception <a 'java/lang/NoSuchMethodError'{0x000000070e63d530}: 'java.lang.Object java.lang.invoke.DirectMethodHandle$Holder.invokeStatic(java.lang.Object, java.lang.Object, long, java.lang.Object)'> (0x000000070e63d530) 
thrown [s\src\hotspot\share\interpreter\linkResolver.cpp, line 771]
Event: 54.722 Thread 0x0000022c24f69540 Exception <a 'java/lang/NoSuchMethodError'{0x000000070e640d08}: 'java.lang.Object java.lang.invoke.DirectMethodHandle$Holder.invokeStaticInit(java.lang.Object, java.lang.Object, long, java.lang.Object)'> (0x000000070e640d08) 
thrown [s\src\hotspot\share\interpreter\linkResolver.cpp, line 771]
Event: 82.846 Thread 0x0000022c200cb1b0 Exception <a 'java/lang/NoSuchMethodError'{0x000000070da487f0}: 'java.lang.Object java.lang.invoke.DirectMethodHandle$Holder.invokeSpecialIFC(java.lang.Object, java.lang.Object, java.lang.Object)'> (0x000000070da487f0) 
thrown [s\src\hotspot\share\interpreter\linkResolver.cpp, line 771]
Event: 82.846 Thread 0x0000022c20058ca0 Exception <a 'java/lang/NoSuchMethodError'{0x000000070da670c0}: 'java.lang.Object java.lang.invoke.DirectMethodHandle$Holder.invokeSpecialIFC(java.lang.Object, java.lang.Object, java.lang.Object)'> (0x000000070da670c0) 
thrown [s\src\hotspot\share\interpreter\linkResolver.cpp, line 771]
Event: 82.846 Thread 0x0000022c200c8660 Exception <a 'java/lang/NoSuchMethodError'{0x000000070da10280}: 'java.lang.Object java.lang.invoke.DirectMethodHandle$Holder.invokeSpecialIFC(java.lang.Object, java.lang.Object, java.lang.Object)'> (0x000000070da10280) 
thrown [s\src\hotspot\share\interpreter\linkResolver.cpp, line 771]
Event: 82.846 Thread 0x0000022c200c94d0 Exception <a 'java/lang/NoSuchMethodError'{0x000000070da2e8b8}: 'java.lang.Object java.lang.invoke.DirectMethodHandle$Holder.invokeSpecialIFC(java.lang.Object, java.lang.Object, java.lang.Object)'> (0x000000070da2e8b8) 
thrown [s\src\hotspot\share\interpreter\linkResolver.cpp, line 771]

VM Operations (20 events):
Event: 70.850 Executing VM operation: Cleanup
Event: 70.850 Executing VM operation: Cleanup done
Event: 81.937 Executing VM operation: Cleanup
Event: 81.937 Executing VM operation: Cleanup done
Event: 82.364 Executing VM operation: HandshakeAllThreads
Event: 82.364 Executing VM operation: HandshakeAllThreads done
Event: 82.801 Executing VM operation: HandshakeAllThreads
Event: 82.801 Executing VM operation: HandshakeAllThreads done
Event: 82.804 Executing VM operation: HandshakeAllThreads
Event: 82.804 Executing VM operation: HandshakeAllThreads done
Event: 82.918 Executing VM operation: HandshakeAllThreads
Event: 82.919 Executing VM operation: HandshakeAllThreads done
Event: 82.922 Executing VM operation: HandshakeAllThreads
Event: 82.922 Executing VM operation: HandshakeAllThreads done
Event: 82.927 Executing VM operation: ICBufferFull
Event: 82.927 Executing VM operation: ICBufferFull done
Event: 83.282 Executing VM operation: ICBufferFull
Event: 83.293 Executing VM operation: ICBufferFull done
Event: 84.010 Executing VM operation: ICBufferFull
Event: 84.010 Executing VM operation: ICBufferFull done

Events (20 events):
Event: 54.686 Thread 0x0000022c24f69540 Thread added: 0x0000022c24f69540
Event: 54.689 loading class java/lang/ProcessImpl
Event: 54.690 loading class java/lang/ProcessImpl done
Event: 54.719 loading class java/lang/ProcessHandleImpl
Event: 54.720 loading class java/lang/ProcessHandleImpl done
Event: 54.723 loading class java/lang/ProcessImpl$2
Event: 54.723 loading class java/lang/ProcessImpl$2 done
Event: 54.723 loading class java/lang/Process$PipeInputStream
Event: 54.723 loading class java/lang/Process$PipeInputStream done
Event: 54.725 loading class jdk/internal/event/ProcessStartEvent
Event: 54.725 loading class jdk/internal/event/ProcessStartEvent done
Event: 54.730 Thread 0x0000022c24f6b220 Thread added: 0x0000022c24f6b220
Event: 54.730 Thread 0x0000022c24f69a10 Thread added: 0x0000022c24f69a10
Event: 82.303 Thread 0x0000022c253a0d70 Thread added: 0x0000022c253a0d70
Event: 82.661 loading class java/time/Clock
Event: 82.662 loading class java/time/InstantSource
Event: 82.664 loading class java/time/InstantSource done
Event: 82.664 loading class java/time/Clock done
Event: 83.711 loading class jdk/internal/access/foreign/MemorySegmentProxy
Event: 83.711 loading class jdk/internal/access/foreign/MemorySegmentProxy done


Dynamic libraries:
0x00007ff668220000 - 0x00007ff66822a000 	C:\Program Files\Android\Android Studio\jbr\bin\java.exe
0x00007fffa2f50000 - 0x00007fffa3148000 	C:\WINDOWS\SYSTEM32\ntdll.dll
0x00007fffa0ff0000 - 0x00007fffa10ad000 	C:\WINDOWS\System32\KERNEL32.DLL
0x00007fffa0630000 - 0x00007fffa0926000 	C:\WINDOWS\System32\KERNELBASE.dll
0x00007fffa09d0000 - 0x00007fffa0ad0000 	C:\WINDOWS\System32\ucrtbase.dll
0x00007fff8cff0000 - 0x00007fff8d00b000 	C:\Program Files\Android\Android Studio\jbr\bin\VCRUNTIME140.dll
0x00007fff8d070000 - 0x00007fff8d087000 	C:\Program Files\Android\Android Studio\jbr\bin\jli.dll
0x00007fffa1180000 - 0x00007fffa131f000 	C:\WINDOWS\System32\USER32.dll
0x00007fffa0f00000 - 0x00007fffa0f22000 	C:\WINDOWS\System32\win32u.dll
0x00007fffa2310000 - 0x00007fffa233b000 	C:\WINDOWS\System32\GDI32.dll
0x00007fffa0de0000 - 0x00007fffa0ef7000 	C:\WINDOWS\System32\gdi32full.dll
0x00007fffa0930000 - 0x00007fffa09cd000 	C:\WINDOWS\System32\msvcp_win.dll
0x00007fff8dfa0000 - 0x00007fff8e23a000 	C:\WINDOWS\WinSxS\amd64_microsoft.windows.common-controls_6595b64144ccf1df_6.0.19041.4355_none_60b8b9eb71f62e16\COMCTL32.dll
0x00007fffa2700000 - 0x00007fffa279e000 	C:\WINDOWS\System32\msvcrt.dll
0x00007fffa1590000 - 0x00007fffa15c2000 	C:\WINDOWS\System32\IMM32.DLL
0x00007fff98f50000 - 0x00007fff98f5c000 	C:\Program Files\Android\Android Studio\jbr\bin\vcruntime140_1.dll
0x00007fff78bc0000 - 0x00007fff78c4d000 	C:\Program Files\Android\Android Studio\jbr\bin\msvcp140.dll
0x00007fff5c510000 - 0x00007fff5d17d000 	C:\Program Files\Android\Android Studio\jbr\bin\server\jvm.dll
0x00007fffa1b10000 - 0x00007fffa1bc0000 	C:\WINDOWS\System32\ADVAPI32.dll
0x00007fffa2130000 - 0x00007fffa21d0000 	C:\WINDOWS\System32\sechost.dll
0x00007fffa1450000 - 0x00007fffa1573000 	C:\WINDOWS\System32\RPCRT4.dll
0x00007fffa0600000 - 0x00007fffa0627000 	C:\WINDOWS\System32\bcrypt.dll
0x00007fff91ba0000 - 0x00007fff91ba9000 	C:\WINDOWS\SYSTEM32\WSOCK32.dll
0x00007fffa1630000 - 0x00007fffa169b000 	C:\WINDOWS\System32\WS2_32.dll
0x00007fff8dcc0000 - 0x00007fff8dce7000 	C:\WINDOWS\SYSTEM32\WINMM.dll
0x00007fff91b10000 - 0x00007fff91b1a000 	C:\WINDOWS\SYSTEM32\VERSION.dll
0x00007fff9e480000 - 0x00007fff9e492000 	C:\WINDOWS\SYSTEM32\kernel.appcore.dll
0x00007fff8dda0000 - 0x00007fff8ddaa000 	C:\Program Files\Android\Android Studio\jbr\bin\jimage.dll
0x00007fff8c5a0000 - 0x00007fff8c784000 	C:\WINDOWS\SYSTEM32\DBGHELP.DLL
0x00007fff8c560000 - 0x00007fff8c594000 	C:\WINDOWS\SYSTEM32\dbgcore.DLL
0x00007fffa0ce0000 - 0x00007fffa0d62000 	C:\WINDOWS\System32\bcryptPrimitives.dll
0x00007fff78b90000 - 0x00007fff78bb5000 	C:\Program Files\Android\Android Studio\jbr\bin\java.dll
0x00007fff7ecf0000 - 0x00007fff7ed08000 	C:\Program Files\Android\Android Studio\jbr\bin\zip.dll
0x00007fffa27a0000 - 0x00007fffa2f0b000 	C:\WINDOWS\System32\SHELL32.dll
0x00007fff9e680000 - 0x00007fff9ee1d000 	C:\WINDOWS\SYSTEM32\windows.storage.dll
0x00007fffa17b0000 - 0x00007fffa1b03000 	C:\WINDOWS\System32\combase.dll
0x00007fff9ff50000 - 0x00007fff9ff7e000 	C:\WINDOWS\SYSTEM32\Wldp.dll
0x00007fffa10b0000 - 0x00007fffa117d000 	C:\WINDOWS\System32\OLEAUT32.dll
0x00007fffa16a0000 - 0x00007fffa174d000 	C:\WINDOWS\System32\SHCORE.dll
0x00007fffa1750000 - 0x00007fffa17a5000 	C:\WINDOWS\System32\shlwapi.dll
0x00007fffa0530000 - 0x00007fffa0554000 	C:\WINDOWS\SYSTEM32\profapi.dll
0x00007fff7cae0000 - 0x00007fff7caf9000 	C:\Program Files\Android\Android Studio\jbr\bin\net.dll
0x00007fff97870000 - 0x00007fff9797a000 	C:\WINDOWS\SYSTEM32\WINHTTP.dll
0x00007fff9fcb0000 - 0x00007fff9fd1a000 	C:\WINDOWS\system32\mswsock.dll
0x00007fff78b70000 - 0x00007fff78b86000 	C:\Program Files\Android\Android Studio\jbr\bin\nio.dll
0x00007fff8dd80000 - 0x00007fff8dd90000 	C:\Program Files\Android\Android Studio\jbr\bin\verify.dll
0x00007fff88920000 - 0x00007fff88947000 	C:\Users\Ila\.gradle\native\c067742578af261105cb4f569cf0c3c89f3d7b1fecec35dd04571415982c5e48\windows-amd64\native-platform.dll
0x00007fff78a20000 - 0x00007fff78b64000 	C:\Users\Ila\.gradle\native\38dada09dfb8b06ba9b0570ebf7e218e3eb74d4ef43ca46872605cf95ebc2f47\windows-amd64\native-platform-file-events.dll
0x00007fff99c20000 - 0x00007fff99c29000 	C:\Program Files\Android\Android Studio\jbr\bin\management.dll
0x00007fff8df20000 - 0x00007fff8df2b000 	C:\Program Files\Android\Android Studio\jbr\bin\management_ext.dll
0x00007fffa0fe0000 - 0x00007fffa0fe8000 	C:\WINDOWS\System32\PSAPI.DLL
0x00007fff9fea0000 - 0x00007fff9feb8000 	C:\WINDOWS\SYSTEM32\CRYPTSP.dll
0x00007fff9f5d0000 - 0x00007fff9f604000 	C:\WINDOWS\system32\rsaenh.dll
0x00007fffa04e0000 - 0x00007fffa050e000 	C:\WINDOWS\SYSTEM32\USERENV.dll
0x00007fff9fec0000 - 0x00007fff9fecc000 	C:\WINDOWS\SYSTEM32\CRYPTBASE.dll
0x00007fff9f990000 - 0x00007fff9f9cb000 	C:\WINDOWS\SYSTEM32\IPHLPAPI.DLL
0x00007fffa1580000 - 0x00007fffa1588000 	C:\WINDOWS\System32\NSI.dll
0x00007fff94c60000 - 0x00007fff94c77000 	C:\WINDOWS\SYSTEM32\dhcpcsvc6.DLL
0x00007fff96610000 - 0x00007fff9662d000 	C:\WINDOWS\SYSTEM32\dhcpcsvc.DLL
0x00007fff9f9d0000 - 0x00007fff9fa9b000 	C:\WINDOWS\SYSTEM32\DNSAPI.dll
0x00007fff70d80000 - 0x00007fff70d87000 	C:\WINDOWS\system32\wshunix.dll

dbghelp: loaded successfully - version: 4.0.5 - missing functions: none
symbol engine: initialized successfully - sym options: 0x614 - pdb path: .;C:\Program Files\Android\Android Studio\jbr\bin;C:\WINDOWS\SYSTEM32;C:\WINDOWS\WinSxS\amd64_microsoft.windows.common-controls_6595b64144ccf1df_6.0.19041.4355_none_60b8b9eb71f62e16;C:\Program Files\Android\Android Studio\jbr\bin\server;C:\Users\Ila\.gradle\native\c067742578af261105cb4f569cf0c3c89f3d7b1fecec35dd04571415982c5e48\windows-amd64;C:\Users\Ila\.gradle\native\38dada09dfb8b06ba9b0570ebf7e218e3eb74d4ef43ca46872605cf95ebc2f47\windows-amd64

VM Arguments:
jvm_args: --add-opens=java.base/java.util=ALL-UNNAMED --add-opens=java.base/java.lang=ALL-UNNAMED --add-opens=java.base/java.lang.invoke=ALL-UNNAMED --add-opens=java.prefs/java.util.prefs=ALL-UNNAMED --add-opens=java.base/java.nio.charset=ALL-UNNAMED --add-opens=java.base/java.net=ALL-UNNAMED --add-opens=java.base/java.util.concurrent.atomic=ALL-UNNAMED -Xmx4G -Dfile.encoding=windows-1252 -Duser.country=ID -Duser.language=en -Duser.variant 
java_command: org.gradle.launcher.daemon.bootstrap.GradleDaemon 7.6.3
java_class_path (initial): C:\Users\Ila\.gradle\wrapper\dists\gradle-7.6.3-all\aocdy2d2z8kodnny3rsumj8i8\gradle-7.6.3\lib\gradle-launcher-7.6.3.jar
Launcher Type: SUN_STANDARD

[Global flags]
     intx CICompilerCount                          = 3                                         {product} {ergonomic}
     uint ConcGCThreads                            = 1                                         {product} {ergonomic}
     uint G1ConcRefinementThreads                  = 4                                         {product} {ergonomic}
   size_t G1HeapRegionSize                         = 2097152                                   {product} {ergonomic}
    uintx GCDrainStackTargetSize                   = 64                                        {product} {ergonomic}
   size_t InitialHeapSize                          = 65011712                                  {product} {ergonomic}
   size_t MarkStackSize                            = 4194304                                   {product} {ergonomic}
   size_t MaxHeapSize                              = 4294967296                                {product} {command line}
   size_t MaxNewSize                               = 2575302656                                {product} {ergonomic}
   size_t MinHeapDeltaBytes                        = 2097152                                   {product} {ergonomic}
   size_t MinHeapSize                              = 8388608                                   {product} {ergonomic}
    uintx NonNMethodCodeHeapSize                   = 5832780                                {pd product} {ergonomic}
    uintx NonProfiledCodeHeapSize                  = 122912730                              {pd product} {ergonomic}
    uintx ProfiledCodeHeapSize                     = 122912730                              {pd product} {ergonomic}
    uintx ReservedCodeCacheSize                    = 251658240                              {pd product} {ergonomic}
     bool SegmentedCodeCache                       = true                                      {product} {ergonomic}
   size_t SoftMaxHeapSize                          = 4294967296                             {manageable} {ergonomic}
     bool UseCompressedClassPointers               = true                           {product lp64_product} {ergonomic}
     bool UseCompressedOops                        = true                           {product lp64_product} {ergonomic}
     bool UseG1GC                                  = true                                      {product} {ergonomic}
     bool UseLargePagesIndividualAllocation        = false                                  {pd product} {ergonomic}

Logging:
Log output configuration:
 #0: stdout all=warning uptime,level,tags
 #1: stderr all=off uptime,level,tags

Environment Variables:
JAVA_HOME=C:\Program Files\Android\Android Studio\jbr
CLASSPATH=D:\uas\uas\android\\gradle\wrapper\gradle-wrapper.jar
PATH=C:\Program Files\Android\Android Studio\jbr\bin;C:\Program Files\Common Files\Oracle\Java\javapath;C:\WINDOWS\system32;C:\WINDOWS;C:\WINDOWS\System32\Wbem;C:\WINDOWS\System32\WindowsPowerShell\v1.0\;C:\WINDOWS\System32\OpenSSH\;D:\SDK\android\emulator;D:\SDK\android\cmdline-tools\latest\bin;D:\SDK\android\build-tools;C:\Program Files\Java\jdk-21\bin;D:\SDK\flutter\bin;D:\SDK\android\platform-tools;C:\Users\Ila\AppData\Local\Microsoft\WindowsApps;;C:\Users\Ila\AppData\Local\Programs\Microsoft VS Code\bin;D:\SDK\flutter\bin\mingit\cmd;D:\SDK\flutter\bin\mingit\cmd
USERNAME=Ila
OS=Windows_NT
PROCESSOR_IDENTIFIER=Intel64 Family 6 Model 42 Stepping 7, GenuineIntel
TMP=C:\Users\Ila\AppData\Local\Temp
TEMP=C:\Users\Ila\AppData\Local\Temp



---------------  S Y S T E M  ---------------

OS:
 Windows 10 , 64 bit Build 19041 (10.0.19041.3636)
OS uptime: 0 days 0:05 hours

CPU: total 4 (initial active 4) (2 cores per cpu, 2 threads per core) family 6 model 42 stepping 7 microcode 0x2f, cx8, cmov, fxsr, ht, mmx, sse, sse2, sse3, ssse3, sse4.1, sse4.2, popcnt, tsc, tscinvbit, avx, clmul, vzeroupper, clflush

Memory: 4k page, system-wide physical 3954M (710M free)
TotalPageFile size 8818M (AvailPageFile size 4406M)
current process WorkingSet (physical memory assigned to process): 506M, peak: 510M
current process commit charge ("private bytes"): 538M, peak: 543M

vm_info: OpenJDK 64-Bit Server VM (17.0.6+0-b2043.56-9586694) for windows-amd64 JRE (17.0.6+0-b2043.56-9586694), built on Feb  9 2023 20:06:20 by "androidbuild" with MS VC++ 16.10 / 16.11 (VS2019)

END.
